+ module load pytorch-gpu/py3/1.7.0
+ unset _mlshdbg
+ '[' 0 = 1 ']'
+ unset _mlre _mlIFS
+ '[' -n x ']'
+ _mlIFS=' 	
'
+ IFS=' '
+ for _mlv in ${MODULES_RUN_QUARANTINE:-}
+ '[' LD_LIBRARY_PATH = LD_LIBRARY_PATH -a LD_LIBRARY_PATH = LD_LIBRARY_PATH ']'
++ eval 'echo ${LD_LIBRARY_PATH+x}'
+++ echo x
+ '[' -n x ']'
++ eval 'echo ${LD_LIBRARY_PATH}'
+++ echo /gpfslocalsup/spack_soft/openmpi/4.0.2/gcc-8.3.1-ibnz44d4oyquf2axzzyh24i5h5xbihdw/lib:/gpfslocalsup/spack_soft/magma/2.5.3/gcc-8.3.1-54st4ebvspfanepxibzajjd4rbfv45r7/lib:/gpfslocalsys/intel/parallel_studio_xe_2020_update1_cluster_edition/compilers_and_libraries_2020.1.217/linux/mkl/lib/intel64_lin:/gpfslocalsup/spack_soft/cudnn/7.6.5.32-10.2-linux-x64/gcc-8.3.1-udqxcfv5zksi3pjgukwililn5j27swka/lib64:/gpfslocalsup/spack_soft/nccl/2.6.4-1/gcc-8.3.1-stsc6mt6knjkz5cygoembh4daha2jmnm/lib:/gpfslocalsys/cuda/10.2/nvvm/lib64:/gpfslocalsys/cuda/10.2/extras/CUPTI/lib64:/gpfslocalsys/cuda/10.2/lib64:/gpfslocalsys/cuda/10.2/samples/common/lib/linux/x86_64:/gpfslocalsys/cuda/10.2/targets/x86_64-linux/lib:/gpfslocalsys/slurm/current/lib/slurm:/gpfslocalsys/slurm/current/lib
+ _mlre='LD_LIBRARY_PATH_modquar='\''/gpfslocalsup/spack_soft/openmpi/4.0.2/gcc-8.3.1-ibnz44d4oyquf2axzzyh24i5h5xbihdw/lib:/gpfslocalsup/spack_soft/magma/2.5.3/gcc-8.3.1-54st4ebvspfanepxibzajjd4rbfv45r7/lib:/gpfslocalsys/intel/parallel_studio_xe_2020_update1_cluster_edition/compilers_and_libraries_2020.1.217/linux/mkl/lib/intel64_lin:/gpfslocalsup/spack_soft/cudnn/7.6.5.32-10.2-linux-x64/gcc-8.3.1-udqxcfv5zksi3pjgukwililn5j27swka/lib64:/gpfslocalsup/spack_soft/nccl/2.6.4-1/gcc-8.3.1-stsc6mt6knjkz5cygoembh4daha2jmnm/lib:/gpfslocalsys/cuda/10.2/nvvm/lib64:/gpfslocalsys/cuda/10.2/extras/CUPTI/lib64:/gpfslocalsys/cuda/10.2/lib64:/gpfslocalsys/cuda/10.2/samples/common/lib/linux/x86_64:/gpfslocalsys/cuda/10.2/targets/x86_64-linux/lib:/gpfslocalsys/slurm/current/lib/slurm:/gpfslocalsys/slurm/current/lib'\'' '
+ _mlrv=MODULES_RUNENV_LD_LIBRARY_PATH
++ eval 'echo ${MODULES_RUNENV_LD_LIBRARY_PATH:-}'
+++ echo
+ _mlre='LD_LIBRARY_PATH_modquar='\''/gpfslocalsup/spack_soft/openmpi/4.0.2/gcc-8.3.1-ibnz44d4oyquf2axzzyh24i5h5xbihdw/lib:/gpfslocalsup/spack_soft/magma/2.5.3/gcc-8.3.1-54st4ebvspfanepxibzajjd4rbfv45r7/lib:/gpfslocalsys/intel/parallel_studio_xe_2020_update1_cluster_edition/compilers_and_libraries_2020.1.217/linux/mkl/lib/intel64_lin:/gpfslocalsup/spack_soft/cudnn/7.6.5.32-10.2-linux-x64/gcc-8.3.1-udqxcfv5zksi3pjgukwililn5j27swka/lib64:/gpfslocalsup/spack_soft/nccl/2.6.4-1/gcc-8.3.1-stsc6mt6knjkz5cygoembh4daha2jmnm/lib:/gpfslocalsys/cuda/10.2/nvvm/lib64:/gpfslocalsys/cuda/10.2/extras/CUPTI/lib64:/gpfslocalsys/cuda/10.2/lib64:/gpfslocalsys/cuda/10.2/samples/common/lib/linux/x86_64:/gpfslocalsys/cuda/10.2/targets/x86_64-linux/lib:/gpfslocalsys/slurm/current/lib/slurm:/gpfslocalsys/slurm/current/lib'\'' LD_LIBRARY_PATH='\'''\'' '
+ '[' -n 'LD_LIBRARY_PATH_modquar='\''/gpfslocalsup/spack_soft/openmpi/4.0.2/gcc-8.3.1-ibnz44d4oyquf2axzzyh24i5h5xbihdw/lib:/gpfslocalsup/spack_soft/magma/2.5.3/gcc-8.3.1-54st4ebvspfanepxibzajjd4rbfv45r7/lib:/gpfslocalsys/intel/parallel_studio_xe_2020_update1_cluster_edition/compilers_and_libraries_2020.1.217/linux/mkl/lib/intel64_lin:/gpfslocalsup/spack_soft/cudnn/7.6.5.32-10.2-linux-x64/gcc-8.3.1-udqxcfv5zksi3pjgukwililn5j27swka/lib64:/gpfslocalsup/spack_soft/nccl/2.6.4-1/gcc-8.3.1-stsc6mt6knjkz5cygoembh4daha2jmnm/lib:/gpfslocalsys/cuda/10.2/nvvm/lib64:/gpfslocalsys/cuda/10.2/extras/CUPTI/lib64:/gpfslocalsys/cuda/10.2/lib64:/gpfslocalsys/cuda/10.2/samples/common/lib/linux/x86_64:/gpfslocalsys/cuda/10.2/targets/x86_64-linux/lib:/gpfslocalsys/slurm/current/lib/slurm:/gpfslocalsys/slurm/current/lib'\'' LD_LIBRARY_PATH='\'''\'' ' ']'
++ eval 'LD_LIBRARY_PATH_modquar='\''/gpfslocalsup/spack_soft/openmpi/4.0.2/gcc-8.3.1-ibnz44d4oyquf2axzzyh24i5h5xbihdw/lib:/gpfslocalsup/spack_soft/magma/2.5.3/gcc-8.3.1-54st4ebvspfanepxibzajjd4rbfv45r7/lib:/gpfslocalsys/intel/parallel_studio_xe_2020_update1_cluster_edition/compilers_and_libraries_2020.1.217/linux/mkl/lib/intel64_lin:/gpfslocalsup/spack_soft/cudnn/7.6.5.32-10.2-linux-x64/gcc-8.3.1-udqxcfv5zksi3pjgukwililn5j27swka/lib64:/gpfslocalsup/spack_soft/nccl/2.6.4-1/gcc-8.3.1-stsc6mt6knjkz5cygoembh4daha2jmnm/lib:/gpfslocalsys/cuda/10.2/nvvm/lib64:/gpfslocalsys/cuda/10.2/extras/CUPTI/lib64:/gpfslocalsys/cuda/10.2/lib64:/gpfslocalsys/cuda/10.2/samples/common/lib/linux/x86_64:/gpfslocalsys/cuda/10.2/targets/x86_64-linux/lib:/gpfslocalsys/slurm/current/lib/slurm:/gpfslocalsys/slurm/current/lib'\''' 'LD_LIBRARY_PATH='\'''\''' /gpfslocalsup/spack_soft/tcl/8.6.8/gcc-4.8.5-5nqkfcnctewdheju62zvqbsonnzszr6m/bin/tclsh /gpfslocalsup/spack_soft/environment-modules/4.3.1/gcc-4.8.5-ism7cdy4xverxywj27jvjstqwk5oxe2v/libexec/modulecmd.tcl bash '"$@"'
+++ LD_LIBRARY_PATH_modquar=/gpfslocalsup/spack_soft/openmpi/4.0.2/gcc-8.3.1-ibnz44d4oyquf2axzzyh24i5h5xbihdw/lib:/gpfslocalsup/spack_soft/magma/2.5.3/gcc-8.3.1-54st4ebvspfanepxibzajjd4rbfv45r7/lib:/gpfslocalsys/intel/parallel_studio_xe_2020_update1_cluster_edition/compilers_and_libraries_2020.1.217/linux/mkl/lib/intel64_lin:/gpfslocalsup/spack_soft/cudnn/7.6.5.32-10.2-linux-x64/gcc-8.3.1-udqxcfv5zksi3pjgukwililn5j27swka/lib64:/gpfslocalsup/spack_soft/nccl/2.6.4-1/gcc-8.3.1-stsc6mt6knjkz5cygoembh4daha2jmnm/lib:/gpfslocalsys/cuda/10.2/nvvm/lib64:/gpfslocalsys/cuda/10.2/extras/CUPTI/lib64:/gpfslocalsys/cuda/10.2/lib64:/gpfslocalsys/cuda/10.2/samples/common/lib/linux/x86_64:/gpfslocalsys/cuda/10.2/targets/x86_64-linux/lib:/gpfslocalsys/slurm/current/lib/slurm:/gpfslocalsys/slurm/current/lib
+++ LD_LIBRARY_PATH=
+++ /gpfslocalsup/spack_soft/tcl/8.6.8/gcc-4.8.5-5nqkfcnctewdheju62zvqbsonnzszr6m/bin/tclsh /gpfslocalsup/spack_soft/environment-modules/4.3.1/gcc-4.8.5-ism7cdy4xverxywj27jvjstqwk5oxe2v/libexec/modulecmd.tcl bash load pytorch-gpu/py3/1.7.0
+ eval
+ _mlstatus=0
+ '[' -n x ']'
+ IFS=' 	
'
+ unset _mlre _mlv _mlrv _mlIFS
+ '[' -n '' ']'
+ unset _mlshdbg
+ return 0
+ srun bash -c 'python process.py -src_lang zh -num_workers=8 -cutoff 30'
2022-03-05 08:31:47.517409: W tensorflow/stream_executor/platform/default/dso_loader.cc:64] Could not load dynamic library 'libcudart.so.11.0'; dlerror: libcudart.so.11.0: cannot open shared object file: No such file or directory; LD_LIBRARY_PATH: /gpfslocalsup/spack_soft/openmpi/4.0.2/gcc-8.3.1-ibnz44d4oyquf2axzzyh24i5h5xbihdw/lib:/gpfslocalsup/spack_soft/magma/2.5.3/gcc-8.3.1-54st4ebvspfanepxibzajjd4rbfv45r7/lib:/gpfslocalsys/intel/parallel_studio_xe_2020_update1_cluster_edition/compilers_and_libraries_2020.1.217/linux/mkl/lib/intel64_lin:/gpfslocalsup/spack_soft/cudnn/7.6.5.32-10.2-linux-x64/gcc-8.3.1-udqxcfv5zksi3pjgukwililn5j27swka/lib64:/gpfslocalsup/spack_soft/nccl/2.6.4-1/gcc-8.3.1-stsc6mt6knjkz5cygoembh4daha2jmnm/lib:/gpfslocalsys/cuda/10.2/nvvm/lib64:/gpfslocalsys/cuda/10.2/extras/CUPTI/lib64:/gpfslocalsys/cuda/10.2/lib64:/gpfslocalsys/cuda/10.2/samples/common/lib/linux/x86_64:/gpfslocalsys/cuda/10.2/targets/x86_64-linux/lib:/gpfslocalsys/slurm/current/lib/slurm:/gpfslocalsys/slurm/current/lib
2022-03-05 08:31:47.517440: I tensorflow/stream_executor/cuda/cudart_stub.cc:29] Ignore above cudart dlerror if you do not have a GPU set up on your machine.
__Python VERSION: 3.7.8 | packaged by conda-forge | (default, Jul 23 2020, 03:54:19) 
[GCC 7.5.0]
__pyTorch VERSION: 1.10.2+cu102
__CUDA VERSION
__CUDNN VERSION: 7605
__Number CUDA Devices: 4
__Devices
index, name, driver_version, memory.total [MiB], memory.used [MiB], memory.free [MiB]
0, Tesla V100-SXM2-16GB, 470.103.01, 16160 MiB, 3 MiB, 16157 MiB
1, Tesla V100-SXM2-16GB, 470.103.01, 16160 MiB, 3 MiB, 16157 MiB
2, Tesla V100-SXM2-16GB, 470.103.01, 16160 MiB, 3 MiB, 16157 MiB
3, Tesla V100-SXM2-16GB, 470.103.01, 16160 MiB, 3 MiB, 16157 MiB
Active CUDA Device: GPU 0
Available devices  4
Current cuda device  0
2022-03-05 08:31:53,235 : MainProcess : INFO : ('multiprocess_ner ', None, ['zh'])
/gpfsdswork/projects/rech/six/commun/PII/muliwai/../t5-small-qa-qg-hl/
2022-03-05 08:31:57,946 : MainProcess : INFO : Load pretrained SentenceTransformer: /linkhome/rech/genltc01/unm25jp/.cache/sentence-transformers/LaBSE
2022-03-05 08:31:59.069384: W tensorflow/stream_executor/platform/default/dso_loader.cc:64] Could not load dynamic library 'libcudart.so.11.0'; dlerror: libcudart.so.11.0: cannot open shared object file: No such file or directory; LD_LIBRARY_PATH: /gpfslocalsup/spack_soft/openmpi/4.0.2/gcc-8.3.1-ibnz44d4oyquf2axzzyh24i5h5xbihdw/lib:/gpfslocalsup/spack_soft/magma/2.5.3/gcc-8.3.1-54st4ebvspfanepxibzajjd4rbfv45r7/lib:/gpfslocalsys/intel/parallel_studio_xe_2020_update1_cluster_edition/compilers_and_libraries_2020.1.217/linux/mkl/lib/intel64_lin:/gpfslocalsup/spack_soft/cudnn/7.6.5.32-10.2-linux-x64/gcc-8.3.1-udqxcfv5zksi3pjgukwililn5j27swka/lib64:/gpfslocalsup/spack_soft/nccl/2.6.4-1/gcc-8.3.1-stsc6mt6knjkz5cygoembh4daha2jmnm/lib:/gpfslocalsys/cuda/10.2/nvvm/lib64:/gpfslocalsys/cuda/10.2/extras/CUPTI/lib64:/gpfslocalsys/cuda/10.2/lib64:/gpfslocalsys/cuda/10.2/samples/common/lib/linux/x86_64:/gpfslocalsys/cuda/10.2/targets/x86_64-linux/lib:/gpfslocalsys/slurm/current/lib/slurm:/gpfslocalsys/slurm/current/lib
2022-03-05 08:31:59.069419: I tensorflow/stream_executor/cuda/cudart_stub.cc:29] Ignore above cudart dlerror if you do not have a GPU set up on your machine.
2022-03-05 08:32:04,011 : MainProcess : INFO : Use pytorch device: cuda
__Python VERSION: 3.7.8 | packaged by conda-forge | (default, Jul 23 2020, 03:54:19) 
[GCC 7.5.0]
__pyTorch VERSION: 1.10.2+cu102
__CUDA VERSION
__CUDNN VERSION: 7605
__Number CUDA Devices: 4
__Devices
index, name, driver_version, memory.total [MiB], memory.used [MiB], memory.free [MiB]
0, Tesla V100-SXM2-16GB, 470.103.01, 16160 MiB, 3 MiB, 16157 MiB
1, Tesla V100-SXM2-16GB, 470.103.01, 16160 MiB, 3 MiB, 16157 MiB
2, Tesla V100-SXM2-16GB, 470.103.01, 16160 MiB, 3 MiB, 16157 MiB
3, Tesla V100-SXM2-16GB, 470.103.01, 16160 MiB, 3 MiB, 16157 MiB
Active CUDA Device: GPU 0
Available devices  4
Current cuda device  0
2022-03-05 08:32:23,655 : MainProcess : INFO : ('multiprocess_ner ', None, ['zh'])
/gpfsdswork/projects/rech/six/commun/PII/muliwai/../t5-small-qa-qg-hl/
2022-03-05 08:32:33,246 : MainProcess : INFO : Load pretrained SentenceTransformer: /linkhome/rech/genltc01/unm25jp/.cache/sentence-transformers/LaBSE
2022-03-05 08:32:39,467 : MainProcess : INFO : Use pytorch device: cuda
