__Python VERSION: 3.7.8 | packaged by conda-forge | (default, Jul 23 2020, 03:54:19) 
[GCC 7.5.0]
__pyTorch VERSION: 1.10.2+cu102
__CUDA VERSION
__CUDNN VERSION: 7605
__Number CUDA Devices: 4
__Devices
index, name, driver_version, memory.total [MiB], memory.used [MiB], memory.free [MiB]
0, Tesla V100-SXM2-16GB, 470.103.01, 16160 MiB, 3 MiB, 16157 MiB
1, Tesla V100-SXM2-16GB, 470.103.01, 16160 MiB, 3 MiB, 16157 MiB
2, Tesla V100-SXM2-16GB, 470.103.01, 16160 MiB, 3 MiB, 16157 MiB
3, Tesla V100-SXM2-16GB, 470.103.01, 16160 MiB, 3 MiB, 16157 MiB
Active CUDA Device: GPU 0
Available devices  4
Current cuda device  0
/gpfsdswork/projects/rech/six/commun/PII/muliwai/../t5-small-qa-qg-hl/
__Python VERSION: 3.7.8 | packaged by conda-forge | (default, Jul 23 2020, 03:54:19) 
[GCC 7.5.0]
__pyTorch VERSION: 1.10.2+cu102
__CUDA VERSION
__CUDNN VERSION: 7605
__Number CUDA Devices: 4
__Devices
index, name, driver_version, memory.total [MiB], memory.used [MiB], memory.free [MiB]
0, Tesla V100-SXM2-16GB, 470.103.01, 16160 MiB, 3 MiB, 16157 MiB
1, Tesla V100-SXM2-16GB, 470.103.01, 16160 MiB, 3 MiB, 16157 MiB
2, Tesla V100-SXM2-16GB, 470.103.01, 16160 MiB, 3 MiB, 16157 MiB
3, Tesla V100-SXM2-16GB, 470.103.01, 16160 MiB, 3 MiB, 16157 MiB
Active CUDA Device: GPU 0
Available devices  4
Current cuda device  0
/gpfsdswork/projects/rech/six/commun/PII/muliwai/../t5-small-qa-qg-hl/
